#
# A fatal error has been detected by the Java Runtime Environment:
#
#  EXCEPTION_ACCESS_VIOLATION (0xc0000005) at pc=0x000000007784f4c5, pid=1400, tid=3900
#
# JRE version: 6.0_23-b05
# Java VM: Java HotSpot(TM) 64-Bit Server VM (19.0-b09 mixed mode windows-amd64 compressed oops)
# Problematic frame:
# C  [ntdll.dll+0x4f4c5]
#
# If you would like to submit a bug report, please visit:
#   http://java.sun.com/webapps/bugreport/crash.jsp
#

---------------  T H R E A D  ---------------

Current thread (0x0000000006f2d000):  JavaThread "AWT-EventQueue-0" [_thread_in_Java, id=3900, stack(0x0000000007cd0000,0x0000000007dd0000)]

siginfo: ExceptionCode=0xc0000005, reading address 0xffffffffffffffff

Registers:
RAX=0x0000000007dc9218, RBX=0x0000000000000002, RCX=0x0000000007dc92e8, RDX=0x0000000007dc9258
RSP=0x0000000007dc9208, RBP=0x000007fef0a98f90, RSI=0x0000000000000020, RDI=0x0000000000000000
R8=0x0000000007dc3000, R9=0x0000000000000003, R10=0x0000000000000000, R11=0x0000000000005070
R12=0x0000000000000000, R13=0x0000000000000050, R14=0x0000000000000003, R15=0x0000000006f2d000
RIP=0x000000007784f4c5, EFLAGS=0x0000000000010202

Register to memory mapping:

RAX=0x0000000007dc9218
0x0000000007dc9218 is pointing into the stack for thread: 0x0000000006f2d000
"AWT-EventQueue-0" prio=6 tid=0x0000000006f2d000 nid=0xf3c runnable [0x0000000007dc9000]
   java.lang.Thread.State: RUNNABLE

RBX=0x0000000000000002
0x0000000000000002 is pointing to unknown location

RCX=0x0000000007dc92e8
0x0000000007dc92e8 is pointing into the stack for thread: 0x0000000006f2d000
"AWT-EventQueue-0" prio=6 tid=0x0000000006f2d000 nid=0xf3c runnable [0x0000000007dc9000]
   java.lang.Thread.State: RUNNABLE

RDX=0x0000000007dc9258
0x0000000007dc9258 is pointing into the stack for thread: 0x0000000006f2d000
"AWT-EventQueue-0" prio=6 tid=0x0000000006f2d000 nid=0xf3c runnable [0x0000000007dc9000]
   java.lang.Thread.State: RUNNABLE

RSP=0x0000000007dc9208
0x0000000007dc9208 is pointing into the stack for thread: 0x0000000006f2d000
"AWT-EventQueue-0" prio=6 tid=0x0000000006f2d000 nid=0xf3c runnable [0x0000000007dc9000]
   java.lang.Thread.State: RUNNABLE

RBP=0x000007fef0a98f90
0x000007fef0a98f90 is pointing to unknown location

RSI=0x0000000000000020
0x0000000000000020 is pointing to unknown location

RDI=0x0000000000000000
0x0000000000000000 is pointing to unknown location

R8 =0x0000000007dc3000
0x0000000007dc3000 is pointing into the stack for thread: 0x0000000006f2d000
"AWT-EventQueue-0" prio=6 tid=0x0000000006f2d000 nid=0xf3c runnable [0x0000000007dc9000]
   java.lang.Thread.State: RUNNABLE

R9 =0x0000000000000003
0x0000000000000003 is pointing to unknown location

R10=0x0000000000000000
0x0000000000000000 is pointing to unknown location

R11=0x0000000000005070
0x0000000000005070 is pointing to unknown location

R12=0x0000000000000000
0x0000000000000000 is pointing to unknown location

R13=0x0000000000000050
0x0000000000000050 is pointing to unknown location

R14=0x0000000000000003
0x0000000000000003 is pointing to unknown location

R15=0x0000000006f2d000
"AWT-EventQueue-0" prio=6 tid=0x0000000006f2d000 nid=0xf3c runnable [0x0000000007dc9000]
   java.lang.Thread.State: RUNNABLE


Top of Stack: (sp=0x0000000007dc9208)
0x0000000007dc9208:   0000000000000202 0000000077807749
0x0000000007dc9218:   000007fffff94000 0000000000000001
0x0000000007dc9228:   0000000006dde9b0 00000000061cd680
0x0000000007dc9238:   0000000000000007 0000000000000000
0x0000000007dc9248:   0000000007dc9430 0000000007dc9460
0x0000000007dc9258:   0000000007dd0000 0000000007dc3000
0x0000000007dc9268:   0000000007dc9a50 00000000028c6fba
0x0000000007dc9278:   00000000028c6f50 0000000000000000
0x0000000007dc9288:   0000000000000000 0000000007dc9a50
0x0000000007dc9298:   000000000707b290 0000000006359dd0
0x0000000007dc92a8:   0000000000000000 0000000007dc9a80
0x0000000007dc92b8:   00000000028fe858 00000000028fd250
0x0000000007dc92c8:   0000000000000000 0000000000000000
0x0000000007dc92d8:   0000000007dc9a80 0000000007dc9b30
0x0000000007dc92e8:   0000000002895b22 000000006dcedd9a
0x0000000007dc92f8:   0000000000000000 0000000007dc9b98 

Instructions: (pc=0x000000007784f4c5)
0x000000007784f4b5:   00 00 4c 89 b1 e8 00 00 00 4c 89 b9 f0 00 00 00
0x000000007784f4c5:   0f ae 81 00 01 00 00 0f 29 81 a0 01 00 00 0f 29 


Stack: [0x0000000007cd0000,0x0000000007dd0000],  sp=0x0000000007dc9208,  free space=996k
Native frames: (J=compiled Java code, j=interpreted, Vv=VM code, C=native code)
C  [ntdll.dll+0x4f4c5]

Java frames: (J=compiled Java code, j=interpreted, Vv=VM code)
v  blob 0x00000000028c707f
j  java.util.jar.Attributes.putValue(Ljava/lang/String;Ljava/lang/String;)Ljava/lang/String;+13
j  java.util.jar.Attributes.read(Ljava/util/jar/Manifest$FastInputStream;[B)V+301
j  java.util.jar.Manifest.read(Ljava/io/InputStream;)V+21
j  java.util.jar.Manifest.<init>(Ljava/io/InputStream;)V+28
j  java.util.jar.JarFile.getManifestFromReference()Ljava/util/jar/Manifest;+60
j  java.util.jar.JarFile.getManifest()Ljava/util/jar/Manifest;+1
j  sun.misc.URLClassPath$JarLoader$2.getManifest()Ljava/util/jar/Manifest;+7
j  java.net.URLClassLoader.defineClass(Ljava/lang/String;Lsun/misc/Resource;Z)Ljava/lang/Class;+38
j  java.net.URLClassLoader.access$000(Ljava/net/URLClassLoader;Ljava/lang/String;Lsun/misc/Resource;Z)Ljava/lang/Class;+4
j  java.net.URLClassLoader$1.run()Ljava/lang/Object;+44
v  ~StubRoutines::call_stub
j  java.security.AccessController.doPrivileged(Ljava/security/PrivilegedExceptionAction;Ljava/security/AccessControlContext;)Ljava/lang/Object;+0
j  java.net.URLClassLoader.findClass(Ljava/lang/String;)Ljava/lang/Class;+13
j  java.lang.ClassLoader.loadClass(Ljava/lang/String;Z)Ljava/lang/Class;+47
j  sun.misc.Launcher$AppClassLoader.loadClass(Ljava/lang/String;Z)Ljava/lang/Class;+41
j  java.lang.ClassLoader.loadClass(Ljava/lang/String;)Ljava/lang/Class;+3
v  ~StubRoutines::call_stub
j  java.lang.ClassLoader.defineClass1(Ljava/lang/String;[BIILjava/security/ProtectionDomain;Ljava/lang/String;Z)Ljava/lang/Class;+0
j  java.lang.ClassLoader.defineClassCond(Ljava/lang/String;[BIILjava/security/ProtectionDomain;Z)Ljava/lang/Class;+32
j  java.lang.ClassLoader.defineClass(Ljava/lang/String;[BIILjava/security/ProtectionDomain;)Ljava/lang/Class;+9
j  java.security.SecureClassLoader.defineClass(Ljava/lang/String;[BIILjava/security/CodeSource;)Ljava/lang/Class;+27
j  java.net.URLClassLoader.defineClass(Ljava/lang/String;Lsun/misc/Resource;Z)Ljava/lang/Class;+369
j  java.net.URLClassLoader.access$000(Ljava/net/URLClassLoader;Ljava/lang/String;Lsun/misc/Resource;Z)Ljava/lang/Class;+4
j  java.net.URLClassLoader$1.run()Ljava/lang/Object;+44
v  ~StubRoutines::call_stub
j  java.security.AccessController.doPrivileged(Ljava/security/PrivilegedExceptionAction;Ljava/security/AccessControlContext;)Ljava/lang/Object;+0
j  java.net.URLClassLoader.findClass(Ljava/lang/String;)Ljava/lang/Class;+13
j  java.lang.ClassLoader.loadClass(Ljava/lang/String;Z)Ljava/lang/Class;+47
j  sun.misc.Launcher$AppClassLoader.loadClass(Ljava/lang/String;Z)Ljava/lang/Class;+41
j  java.lang.ClassLoader.loadClass(Ljava/lang/String;)Ljava/lang/Class;+3
v  ~StubRoutines::call_stub
j  java.lang.ClassLoader.defineClass1(Ljava/lang/String;[BIILjava/security/ProtectionDomain;Ljava/lang/String;Z)Ljava/lang/Class;+0
j  java.lang.ClassLoader.defineClassCond(Ljava/lang/String;[BIILjava/security/ProtectionDomain;Z)Ljava/lang/Class;+32
j  java.lang.ClassLoader.defineClass(Ljava/lang/String;[BIILjava/security/ProtectionDomain;)Ljava/lang/Class;+9
j  java.security.SecureClassLoader.defineClass(Ljava/lang/String;[BIILjava/security/CodeSource;)Ljava/lang/Class;+27
j  java.net.URLClassLoader.defineClass(Ljava/lang/String;Lsun/misc/Resource;Z)Ljava/lang/Class;+369
j  java.net.URLClassLoader.access$000(Ljava/net/URLClassLoader;Ljava/lang/String;Lsun/misc/Resource;Z)Ljava/lang/Class;+4
j  java.net.URLClassLoader$1.run()Ljava/lang/Object;+44
v  ~StubRoutines::call_stub
j  java.security.AccessController.doPrivileged(Ljava/security/PrivilegedExceptionAction;Ljava/security/AccessControlContext;)Ljava/lang/Object;+0
j  java.net.URLClassLoader.findClass(Ljava/lang/String;)Ljava/lang/Class;+13
j  java.lang.ClassLoader.loadClass(Ljava/lang/String;Z)Ljava/lang/Class;+47
j  sun.misc.Launcher$AppClassLoader.loadClass(Ljava/lang/String;Z)Ljava/lang/Class;+41
j  java.lang.ClassLoader.loadClass(Ljava/lang/String;)Ljava/lang/Class;+3
v  ~StubRoutines::call_stub
j  java.lang.Class.forName0(Ljava/lang/String;ZLjava/lang/ClassLoader;)Ljava/lang/Class;+0
j  java.lang.Class.forName(Ljava/lang/String;)Ljava/lang/Class;+5
j  javax.media.opengl.GLDrawableFactory.getFactory()Ljavax/media/opengl/GLDrawableFactory;+56
j  javax.media.opengl.GLCanvas.chooseGraphicsConfiguration(Ljavax/media/opengl/GLCapabilities;Ljavax/media/opengl/GLCapabilitiesChooser;Ljava/awt/GraphicsDevice;)Ljava/awt/GraphicsConfiguration;+8
j  javax.media.opengl.GLCanvas.<init>(Ljavax/media/opengl/GLCapabilities;Ljavax/media/opengl/GLCapabilitiesChooser;Ljavax/media/opengl/GLContext;Ljava/awt/GraphicsDevice;)V+102
j  javax.media.opengl.GLCanvas.<init>(Ljavax/media/opengl/GLCapabilities;)V+5
j  sk.yin.yngine.main.SimpleGLCanvas.initComponents()V+17
j  sk.yin.yngine.main.SimpleGLCanvas.<init>()V+5
j  sk.yin.yngine.main.SimpleGLCanvas$2.run()V+33
j  java.awt.event.InvocationEvent.dispatch()V+47
j  java.awt.EventQueue.dispatchEvent(Ljava/awt/AWTEvent;)V+26
j  java.awt.EventDispatchThread.pumpOneEventForFilters(I)Z+204
j  java.awt.EventDispatchThread.pumpEventsForFilter(ILjava/awt/Conditional;Ljava/awt/EventFilter;)V+30
j  java.awt.EventDispatchThread.pumpEventsForHierarchy(ILjava/awt/Conditional;Ljava/awt/Component;)V+11
j  java.awt.EventDispatchThread.pumpEvents(ILjava/awt/Conditional;)V+4
j  java.awt.EventDispatchThread.pumpEvents(Ljava/awt/Conditional;)V+3
j  java.awt.EventDispatchThread.run()V+9
v  ~StubRoutines::call_stub

---------------  P R O C E S S  ---------------

Java Threads: ( => current thread )
  0x0000000007058800 JavaThread "DestroyJavaVM" [_thread_blocked, id=3740, stack(0x0000000002790000,0x0000000002890000)]
=>0x0000000006f2d000 JavaThread "AWT-EventQueue-0" [_thread_in_Java, id=3900, stack(0x0000000007cd0000,0x0000000007dd0000)]
  0x0000000006f2c000 JavaThread "AWT-Windows" daemon [_thread_in_native, id=2140, stack(0x0000000007bd0000,0x0000000007cd0000)]
  0x0000000006f64800 JavaThread "AWT-Shutdown" [_thread_blocked, id=2916, stack(0x0000000007ad0000,0x0000000007bd0000)]
  0x0000000006f63800 JavaThread "Java2D Disposer" daemon [_thread_blocked, id=3516, stack(0x00000000079d0000,0x0000000007ad0000)]
  0x000000000624f800 JavaThread "Low Memory Detector" daemon [_thread_blocked, id=3024, stack(0x00000000069a0000,0x0000000006aa0000)]
  0x0000000006244000 JavaThread "CompilerThread1" daemon [_thread_in_native, id=2296, stack(0x00000000068a0000,0x00000000069a0000)]
  0x000000000622e800 JavaThread "CompilerThread0" daemon [_thread_blocked, id=3308, stack(0x00000000067a0000,0x00000000068a0000)]
  0x000000000622c800 JavaThread "Attach Listener" daemon [_thread_blocked, id=1480, stack(0x00000000066a0000,0x00000000067a0000)]
  0x000000000622a000 JavaThread "Signal Dispatcher" daemon [_thread_blocked, id=3884, stack(0x00000000065a0000,0x00000000066a0000)]
  0x00000000061a7800 JavaThread "Finalizer" daemon [_thread_blocked, id=2428, stack(0x00000000064a0000,0x00000000065a0000)]
  0x00000000007cd800 JavaThread "Reference Handler" daemon [_thread_blocked, id=3412, stack(0x00000000063a0000,0x00000000064a0000)]

Other Threads:
  0x00000000007c2000 VMThread [stack: 0x00000000060a0000,0x00000000061a0000] [id=3596]
  0x0000000006260800 WatcherThread [stack: 0x0000000006aa0000,0x0000000006ba0000] [id=3580]

VM state:not at safepoint (normal execution)

VM Mutex/Monitor currently owned by a thread: None

Heap
 PSYoungGen      total 8960K, used 5370K [0x00000000f6000000, 0x00000000f6a00000, 0x0000000100000000)
  eden space 7680K, 69% used [0x00000000f6000000,0x00000000f653e9e8,0x00000000f6780000)
  from space 1280K, 0% used [0x00000000f68c0000,0x00000000f68c0000,0x00000000f6a00000)
  to   space 1280K, 0% used [0x00000000f6780000,0x00000000f6780000,0x00000000f68c0000)
 PSOldGen        total 20480K, used 0K [0x00000000e2000000, 0x00000000e3400000, 0x00000000f6000000)
  object space 20480K, 0% used [0x00000000e2000000,0x00000000e2000000,0x00000000e3400000)
 PSPermGen       total 21248K, used 10203K [0x00000000dce00000, 0x00000000de2c0000, 0x00000000e2000000)
  object space 21248K, 48% used [0x00000000dce00000,0x00000000dd7f6ff8,0x00000000de2c0000)

Dynamic libraries:
0x0000000000400000 - 0x000000000042e000 	C:\Program Files\Java\jdk1.6.0_23\jre\bin\java.exe
0x0000000077800000 - 0x00000000779ab000 	C:\Windows\SYSTEM32\ntdll.dll
0x00000000776e0000 - 0x00000000777ff000 	C:\Windows\system32\kernel32.dll
0x000007fefd810000 - 0x000007fefd87b000 	C:\Windows\system32\KERNELBASE.dll
0x000007feff590000 - 0x000007feff66b000 	C:\Windows\system32\ADVAPI32.dll
0x000007feff4f0000 - 0x000007feff58f000 	C:\Windows\system32\msvcrt.dll
0x000007fefec20000 - 0x000007fefec3f000 	C:\Windows\SYSTEM32\sechost.dll
0x000007feff9d0000 - 0x000007feffafe000 	C:\Windows\system32\RPCRT4.dll
0x000007fefd630000 - 0x000007fefd687000 	C:\Windows\system32\apphelp.dll
0x000007fef0960000 - 0x000007fef0dc7000 	C:\Windows\AppPatch\AppPatch64\AcXtrnal.DLL
0x000007fefeaf0000 - 0x000007fefec1a000 	C:\Windows\system32\WININET.dll
0x000007feff670000 - 0x000007feff6e1000 	C:\Windows\system32\SHLWAPI.dll
0x000007feff480000 - 0x000007feff4e7000 	C:\Windows\system32\GDI32.dll
0x00000000775e0000 - 0x00000000776da000 	C:\Windows\system32\USER32.dll
0x000007feff9c0000 - 0x000007feff9ce000 	C:\Windows\system32\LPK.dll
0x000007fefee40000 - 0x000007fefef0a000 	C:\Windows\system32\USP10.dll
0x00000000779c0000 - 0x00000000779c3000 	C:\Windows\system32\Normaliz.dll
0x000007fefec40000 - 0x000007fefedb8000 	C:\Windows\system32\urlmon.dll
0x000007fefdb50000 - 0x000007fefdd51000 	C:\Windows\system32\ole32.dll
0x000007feff320000 - 0x000007feff3f7000 	C:\Windows\system32\OLEAUT32.dll
0x000007fefd980000 - 0x000007fefdae6000 	C:\Windows\system32\CRYPT32.dll
0x000007fefd800000 - 0x000007fefd80f000 	C:\Windows\system32\MSASN1.dll
0x000007feff020000 - 0x000007feff278000 	C:\Windows\system32\iertutil.dll
0x000007feff450000 - 0x000007feff47e000 	C:\Windows\system32\IMM32.DLL
0x000007fefef10000 - 0x000007feff019000 	C:\Windows\system32\MSCTF.dll
0x000007fefdb30000 - 0x000007fefdb47000 	C:\Windows\system32\imagehlp.dll
0x000000006d890000 - 0x000000006df80000 	C:\Program Files\Java\jdk1.6.0_23\jre\bin\server\jvm.dll
0x000007fefb5e0000 - 0x000007fefb61b000 	C:\Windows\system32\WINMM.dll
0x000000006d800000 - 0x000000006d80e000 	C:\Program Files\Java\jdk1.6.0_23\jre\bin\verify.dll
0x000000006d450000 - 0x000000006d477000 	C:\Program Files\Java\jdk1.6.0_23\jre\bin\java.dll
0x000000006d3b0000 - 0x000000006d3ba000 	C:\Program Files\Java\jdk1.6.0_23\jre\bin\hpi.dll
0x00000000779d0000 - 0x00000000779d7000 	C:\Windows\system32\PSAPI.DLL
0x000000006d850000 - 0x000000006d862000 	C:\Program Files\Java\jdk1.6.0_23\jre\bin\zip.dll
0x000000006d0a0000 - 0x000000006d263000 	C:\Program Files\Java\jdk1.6.0_23\jre\bin\awt.dll
0x000007fef8920000 - 0x000007fef8990000 	C:\Windows\system32\WINSPOOL.DRV
0x000007fefdd60000 - 0x000007fefeae6000 	C:\Windows\system32\SHELL32.dll
0x000007fefc390000 - 0x000007fefc584000 	C:\Windows\WinSxS\amd64_microsoft.windows.common-controls_6595b64144ccf1df_6.0.7600.16385_none_fa645303170382f6\COMCTL32.dll
0x000007fefbbe0000 - 0x000007fefbbf8000 	C:\Windows\system32\DWMAPI.DLL
0x000007fefc010000 - 0x000007fefc066000 	C:\Windows\system32\uxtheme.dll
0x000007fefd690000 - 0x000007fefd69f000 	C:\Windows\system32\CRYPTBASE.dll
0x000000006d340000 - 0x000000006d3a6000 	C:\Program Files\Java\jdk1.6.0_23\jre\bin\fontmanager.dll
0x000007fef1b90000 - 0x000007fef1d8f000 	C:\Windows\system32\d3d9.dll
0x000007fefc8d0000 - 0x000007fefc8dc000 	C:\Windows\system32\VERSION.dll
0x000007fef9020000 - 0x000007fef9027000 	C:\Windows\system32\d3d8thk.dll
0x0000000075480000 - 0x000000007551f000 	C:\Windows\system32\aticfx64.dll
0x000007fef8d20000 - 0x000007fef8d2d000 	C:\Windows\system32\atiu9p64.dll
0x0000000072570000 - 0x0000000072a78000 	C:\Windows\system32\atiumd64.dll
0x0000000072240000 - 0x000000007256c000 	C:\Windows\system32\atiumd6a.dll
0x000000006d6a0000 - 0x000000006d6b7000 	C:\Program Files\Java\jdk1.6.0_23\jre\bin\net.dll
0x000007feff400000 - 0x000007feff44d000 	C:\Windows\system32\WS2_32.dll
0x000007feffb00000 - 0x000007feffb08000 	C:\Windows\system32\NSI.dll
0x000007fefcf90000 - 0x000007fefcfe4000 	C:\Windows\system32\mswsock.dll
0x000007fefcf80000 - 0x000007fefcf87000 	C:\Windows\System32\wship6.dll
0x000000006d6c0000 - 0x000000006d6cb000 	C:\Program Files\Java\jdk1.6.0_23\jre\bin\nio.dll

VM Arguments:
jvm_args: -Dfile.encoding=Cp1252 -Djava.library.path=C:\Users\yin\.netbeans\6.9\jogl-runtime\jogl.jar-natives-windows-amd64;C:\Users\yin\.netbeans\6.9\gluegen-runtime\gluegen-rt.jar-natives-windows-amd64 
java_command: sk.yin.yngine.main.SimpleGLCanvas
Launcher Type: SUN_STANDARD

Environment Variables:
JAVA_HOME=C:\Program Files\Java\jdk1.6.0_22
CLASSPATH=.;
PATH=C:\Program Files (x86)\CollabNet\Subversion Client;c:\Program Files (x86)\NVIDIA Corporation\PhysX\Common;C:\Windows\system32;C:\Windows;C:\Windows\System32\Wbem;C:\Windows\System32\WindowsPowerShell\v1.0\;C:\Program Files\TortoiseSVN\bin;C:\Program Files (x86)\QuickTime\QTSystem\;C:\Program Files (x86)\Groovy\Groovy-1.7.5\bin;C:\Program Files (x86)\ATI Technologies\ATI.ACE\Core-Static
USERNAME=yin
OS=Windows_NT
PROCESSOR_IDENTIFIER=AMD64 Family 17 Model 3 Stepping 1, AuthenticAMD



---------------  S Y S T E M  ---------------

OS: Windows 7 Build 7600 

CPU:total 2 (2 cores per cpu, 1 threads per core) family 17 model 3 stepping 1, cmov, cx8, fxsr, mmx, sse, sse2, sse3, mmxext, 3dnow, 3dnowext

Memory: 4k page, physical 1964384k(786812k free), swap 2731080k(1252892k free)

vm_info: Java HotSpot(TM) 64-Bit Server VM (19.0-b09) for windows-amd64 JRE (1.6.0_23-b05), built on Nov 13 2010 02:43:42 by "java_re" with MS VC++ 8.0 (VS2005)

time: Wed Dec 29 18:51:47 2010
elapsed time: 1 seconds

