#
# A fatal error has been detected by the Java Runtime Environment:
#
#  EXCEPTION_ACCESS_VIOLATION (0xc0000005) at pc=0x000000007721f4c5, pid=3408, tid=4556
#
# JRE version: 6.0_23-b05
# Java VM: Java HotSpot(TM) 64-Bit Server VM (19.0-b09 mixed mode windows-amd64 compressed oops)
# Problematic frame:
# C  [ntdll.dll+0x4f4c5]
#
# If you would like to submit a bug report, please visit:
#   http://java.sun.com/webapps/bugreport/crash.jsp
#

---------------  T H R E A D  ---------------

Current thread (0x0000000006ee1800):  JavaThread "AWT-EventQueue-0" [_thread_in_Java, id=4556, stack(0x0000000007d30000,0x0000000007e30000)]

siginfo: ExceptionCode=0xc0000005, reading address 0xffffffffffffffff

Registers:
RAX=0x0000000007e29218, RBX=0x0000000000000002, RCX=0x0000000007e292e8, RDX=0x0000000007e29258
RSP=0x0000000007e29208, RBP=0x000007feeddd5740, RSI=0x0000000000000020, RDI=0x0000000000000000
R8=0x0000000007e23000, R9=0x0000000000000003, R10=0x0000000000000000, R11=0x000000000000503b
R12=0x0000000000000000, R13=0x0000000000000050, R14=0x0000000000000003, R15=0x0000000006ee1800
RIP=0x000000007721f4c5, EFLAGS=0x0000000000010202

Register to memory mapping:

RAX=0x0000000007e29218
0x0000000007e29218 is pointing into the stack for thread: 0x0000000006ee1800
"AWT-EventQueue-0" prio=6 tid=0x0000000006ee1800 nid=0x11cc runnable [0x0000000007e29000]
   java.lang.Thread.State: RUNNABLE

RBX=0x0000000000000002
0x0000000000000002 is pointing to unknown location

RCX=0x0000000007e292e8
0x0000000007e292e8 is pointing into the stack for thread: 0x0000000006ee1800
"AWT-EventQueue-0" prio=6 tid=0x0000000006ee1800 nid=0x11cc runnable [0x0000000007e29000]
   java.lang.Thread.State: RUNNABLE

RDX=0x0000000007e29258
0x0000000007e29258 is pointing into the stack for thread: 0x0000000006ee1800
"AWT-EventQueue-0" prio=6 tid=0x0000000006ee1800 nid=0x11cc runnable [0x0000000007e29000]
   java.lang.Thread.State: RUNNABLE

RSP=0x0000000007e29208
0x0000000007e29208 is pointing into the stack for thread: 0x0000000006ee1800
"AWT-EventQueue-0" prio=6 tid=0x0000000006ee1800 nid=0x11cc runnable [0x0000000007e29000]
   java.lang.Thread.State: RUNNABLE

RBP=0x000007feeddd5740
0x000007feeddd5740 is pointing to unknown location

RSI=0x0000000000000020
0x0000000000000020 is pointing to unknown location

RDI=0x0000000000000000
0x0000000000000000 is pointing to unknown location

R8 =0x0000000007e23000
0x0000000007e23000 is pointing into the stack for thread: 0x0000000006ee1800
"AWT-EventQueue-0" prio=6 tid=0x0000000006ee1800 nid=0x11cc runnable [0x0000000007e29000]
   java.lang.Thread.State: RUNNABLE

R9 =0x0000000000000003
0x0000000000000003 is pointing to unknown location

R10=0x0000000000000000
0x0000000000000000 is pointing to unknown location

R11=0x000000000000503b
0x000000000000503b is pointing to unknown location

R12=0x0000000000000000
0x0000000000000000 is pointing to unknown location

R13=0x0000000000000050
0x0000000000000050 is pointing to unknown location

R14=0x0000000000000003
0x0000000000000003 is pointing to unknown location

R15=0x0000000006ee1800
"AWT-EventQueue-0" prio=6 tid=0x0000000006ee1800 nid=0x11cc runnable [0x0000000007e29000]
   java.lang.Thread.State: RUNNABLE


Top of Stack: (sp=0x0000000007e29208)
0x0000000007e29208:   0000000000000202 00000000771d7749
0x0000000007e29218:   000007fffff94000 0000000000000001
0x0000000007e29228:   0000000006f2ced0 000000000618d700
0x0000000007e29238:   0000000000000007 0000000000000000
0x0000000007e29248:   0000000007e29430 0000000007e29460
0x0000000007e29258:   0000000007e30000 0000000007e23000
0x0000000007e29268:   0000000007e29a50 0000000002a46fba
0x0000000007e29278:   0000000002a46f50 0000000000000000
0x0000000007e29288:   0000000000000000 0000000007e29a50
0x0000000007e29298:   0000000006ec2aa0 0000000006b70fc0
0x0000000007e292a8:   0000000000000000 0000000007e29a80
0x0000000007e292b8:   0000000002a7bf98 0000000002a7a990
0x0000000007e292c8:   0000000000000000 0000000000000000
0x0000000007e292d8:   0000000007e29a80 0000000007e29b30
0x0000000007e292e8:   0000000002a15b22 000000006dcedd9a
0x0000000007e292f8:   0000000000000000 0000000007e29b98 

Instructions: (pc=0x000000007721f4c5)
0x000000007721f4b5:   00 00 4c 89 b1 e8 00 00 00 4c 89 b9 f0 00 00 00
0x000000007721f4c5:   0f ae 81 00 01 00 00 0f 29 81 a0 01 00 00 0f 29 


Stack: [0x0000000007d30000,0x0000000007e30000],  sp=0x0000000007e29208,  free space=996k
Native frames: (J=compiled Java code, j=interpreted, Vv=VM code, C=native code)
C  [ntdll.dll+0x4f4c5]

Java frames: (J=compiled Java code, j=interpreted, Vv=VM code)
v  blob 0x0000000002a4707f
j  java.util.jar.Attributes.putValue(Ljava/lang/String;Ljava/lang/String;)Ljava/lang/String;+13
j  java.util.jar.Attributes.read(Ljava/util/jar/Manifest$FastInputStream;[B)V+301
j  java.util.jar.Manifest.read(Ljava/io/InputStream;)V+21
j  java.util.jar.Manifest.<init>(Ljava/io/InputStream;)V+28
j  java.util.jar.JarFile.getManifestFromReference()Ljava/util/jar/Manifest;+60
j  java.util.jar.JarFile.getManifest()Ljava/util/jar/Manifest;+1
j  sun.misc.URLClassPath$JarLoader$2.getManifest()Ljava/util/jar/Manifest;+7
j  java.net.URLClassLoader.defineClass(Ljava/lang/String;Lsun/misc/Resource;Z)Ljava/lang/Class;+38
j  java.net.URLClassLoader.access$000(Ljava/net/URLClassLoader;Ljava/lang/String;Lsun/misc/Resource;Z)Ljava/lang/Class;+4
j  java.net.URLClassLoader$1.run()Ljava/lang/Object;+44
v  ~StubRoutines::call_stub
j  java.security.AccessController.doPrivileged(Ljava/security/PrivilegedExceptionAction;Ljava/security/AccessControlContext;)Ljava/lang/Object;+0
j  java.net.URLClassLoader.findClass(Ljava/lang/String;)Ljava/lang/Class;+13
j  java.lang.ClassLoader.loadClass(Ljava/lang/String;Z)Ljava/lang/Class;+47
j  sun.misc.Launcher$AppClassLoader.loadClass(Ljava/lang/String;Z)Ljava/lang/Class;+41
j  java.lang.ClassLoader.loadClass(Ljava/lang/String;)Ljava/lang/Class;+3
v  ~StubRoutines::call_stub
j  java.lang.ClassLoader.defineClass1(Ljava/lang/String;[BIILjava/security/ProtectionDomain;Ljava/lang/String;Z)Ljava/lang/Class;+0
j  java.lang.ClassLoader.defineClassCond(Ljava/lang/String;[BIILjava/security/ProtectionDomain;Z)Ljava/lang/Class;+32
j  java.lang.ClassLoader.defineClass(Ljava/lang/String;[BIILjava/security/ProtectionDomain;)Ljava/lang/Class;+9
j  java.security.SecureClassLoader.defineClass(Ljava/lang/String;[BIILjava/security/CodeSource;)Ljava/lang/Class;+27
j  java.net.URLClassLoader.defineClass(Ljava/lang/String;Lsun/misc/Resource;Z)Ljava/lang/Class;+369
j  java.net.URLClassLoader.access$000(Ljava/net/URLClassLoader;Ljava/lang/String;Lsun/misc/Resource;Z)Ljava/lang/Class;+4
j  java.net.URLClassLoader$1.run()Ljava/lang/Object;+44
v  ~StubRoutines::call_stub
j  java.security.AccessController.doPrivileged(Ljava/security/PrivilegedExceptionAction;Ljava/security/AccessControlContext;)Ljava/lang/Object;+0
j  java.net.URLClassLoader.findClass(Ljava/lang/String;)Ljava/lang/Class;+13
j  java.lang.ClassLoader.loadClass(Ljava/lang/String;Z)Ljava/lang/Class;+47
j  sun.misc.Launcher$AppClassLoader.loadClass(Ljava/lang/String;Z)Ljava/lang/Class;+41
j  java.lang.ClassLoader.loadClass(Ljava/lang/String;)Ljava/lang/Class;+3
v  ~StubRoutines::call_stub
j  java.lang.ClassLoader.defineClass1(Ljava/lang/String;[BIILjava/security/ProtectionDomain;Ljava/lang/String;Z)Ljava/lang/Class;+0
j  java.lang.ClassLoader.defineClassCond(Ljava/lang/String;[BIILjava/security/ProtectionDomain;Z)Ljava/lang/Class;+32
j  java.lang.ClassLoader.defineClass(Ljava/lang/String;[BIILjava/security/ProtectionDomain;)Ljava/lang/Class;+9
j  java.security.SecureClassLoader.defineClass(Ljava/lang/String;[BIILjava/security/CodeSource;)Ljava/lang/Class;+27
j  java.net.URLClassLoader.defineClass(Ljava/lang/String;Lsun/misc/Resource;Z)Ljava/lang/Class;+369
j  java.net.URLClassLoader.access$000(Ljava/net/URLClassLoader;Ljava/lang/String;Lsun/misc/Resource;Z)Ljava/lang/Class;+4
j  java.net.URLClassLoader$1.run()Ljava/lang/Object;+44
v  ~StubRoutines::call_stub
j  java.security.AccessController.doPrivileged(Ljava/security/PrivilegedExceptionAction;Ljava/security/AccessControlContext;)Ljava/lang/Object;+0
j  java.net.URLClassLoader.findClass(Ljava/lang/String;)Ljava/lang/Class;+13
j  java.lang.ClassLoader.loadClass(Ljava/lang/String;Z)Ljava/lang/Class;+47
j  sun.misc.Launcher$AppClassLoader.loadClass(Ljava/lang/String;Z)Ljava/lang/Class;+41
j  java.lang.ClassLoader.loadClass(Ljava/lang/String;)Ljava/lang/Class;+3
v  ~StubRoutines::call_stub
j  java.lang.Class.forName0(Ljava/lang/String;ZLjava/lang/ClassLoader;)Ljava/lang/Class;+0
j  java.lang.Class.forName(Ljava/lang/String;)Ljava/lang/Class;+5
j  javax.media.opengl.GLDrawableFactory.getFactory()Ljavax/media/opengl/GLDrawableFactory;+56
j  javax.media.opengl.GLCanvas.chooseGraphicsConfiguration(Ljavax/media/opengl/GLCapabilities;Ljavax/media/opengl/GLCapabilitiesChooser;Ljava/awt/GraphicsDevice;)Ljava/awt/GraphicsConfiguration;+8
j  javax.media.opengl.GLCanvas.<init>(Ljavax/media/opengl/GLCapabilities;Ljavax/media/opengl/GLCapabilitiesChooser;Ljavax/media/opengl/GLContext;Ljava/awt/GraphicsDevice;)V+102
j  javax.media.opengl.GLCanvas.<init>(Ljavax/media/opengl/GLCapabilities;)V+5
j  sk.yin.yngine.main.SimpleGLCanvas.initComponents()V+17
j  sk.yin.yngine.main.SimpleGLCanvas.<init>()V+5
j  sk.yin.yngine.main.SimpleGLCanvas$2.run()V+33
j  java.awt.event.InvocationEvent.dispatch()V+47
j  java.awt.EventQueue.dispatchEvent(Ljava/awt/AWTEvent;)V+26
j  java.awt.EventDispatchThread.pumpOneEventForFilters(I)Z+204
j  java.awt.EventDispatchThread.pumpEventsForFilter(ILjava/awt/Conditional;Ljava/awt/EventFilter;)V+30
j  java.awt.EventDispatchThread.pumpEventsForHierarchy(ILjava/awt/Conditional;Ljava/awt/Component;)V+11
j  java.awt.EventDispatchThread.pumpEvents(ILjava/awt/Conditional;)V+4
j  java.awt.EventDispatchThread.pumpEvents(Ljava/awt/Conditional;)V+3
j  java.awt.EventDispatchThread.run()V+9
v  ~StubRoutines::call_stub

---------------  P R O C E S S  ---------------

Java Threads: ( => current thread )
  0x0000000006ee2800 JavaThread "DestroyJavaVM" [_thread_blocked, id=4536, stack(0x0000000002550000,0x0000000002650000)]
=>0x0000000006ee1800 JavaThread "AWT-EventQueue-0" [_thread_in_Java, id=4556, stack(0x0000000007d30000,0x0000000007e30000)]
  0x0000000006edf000 JavaThread "AWT-Windows" daemon [_thread_in_native, id=2192, stack(0x0000000007c30000,0x0000000007d30000)]
  0x0000000006edc000 JavaThread "AWT-Shutdown" [_thread_blocked, id=4856, stack(0x0000000007b30000,0x0000000007c30000)]
  0x0000000006edb800 JavaThread "Java2D Disposer" daemon [_thread_blocked, id=4824, stack(0x0000000007a30000,0x0000000007b30000)]
  0x000000000620f800 JavaThread "Low Memory Detector" daemon [_thread_blocked, id=4416, stack(0x0000000006960000,0x0000000006a60000)]
  0x0000000006202000 JavaThread "CompilerThread1" daemon [_thread_in_vm, id=888, stack(0x0000000006860000,0x0000000006960000)]
  0x00000000061f2800 JavaThread "CompilerThread0" daemon [_thread_blocked, id=1296, stack(0x0000000006760000,0x0000000006860000)]
  0x00000000061ed000 JavaThread "Attach Listener" daemon [_thread_blocked, id=3904, stack(0x0000000006660000,0x0000000006760000)]
  0x00000000061ea000 JavaThread "Signal Dispatcher" daemon [_thread_blocked, id=1576, stack(0x0000000006560000,0x0000000006660000)]
  0x0000000006167800 JavaThread "Finalizer" daemon [_thread_blocked, id=2044, stack(0x0000000006460000,0x0000000006560000)]
  0x00000000006dd800 JavaThread "Reference Handler" daemon [_thread_blocked, id=4092, stack(0x0000000006360000,0x0000000006460000)]

Other Threads:
  0x00000000006d2800 VMThread [stack: 0x0000000006060000,0x0000000006160000] [id=2216]
  0x0000000006218800 WatcherThread [stack: 0x0000000006a60000,0x0000000006b60000] [id=3820]

VM state:not at safepoint (normal execution)

VM Mutex/Monitor currently owned by a thread: None

Heap
 PSYoungGen      total 8960K, used 5370K [0x00000000f6000000, 0x00000000f6a00000, 0x0000000100000000)
  eden space 7680K, 69% used [0x00000000f6000000,0x00000000f653e9e8,0x00000000f6780000)
  from space 1280K, 0% used [0x00000000f68c0000,0x00000000f68c0000,0x00000000f6a00000)
  to   space 1280K, 0% used [0x00000000f6780000,0x00000000f6780000,0x00000000f68c0000)
 PSOldGen        total 20480K, used 0K [0x00000000e2000000, 0x00000000e3400000, 0x00000000f6000000)
  object space 20480K, 0% used [0x00000000e2000000,0x00000000e2000000,0x00000000e3400000)
 PSPermGen       total 21248K, used 10203K [0x00000000dce00000, 0x00000000de2c0000, 0x00000000e2000000)
  object space 21248K, 48% used [0x00000000dce00000,0x00000000dd7f6f28,0x00000000de2c0000)

Dynamic libraries:
0x0000000000400000 - 0x000000000042e000 	C:\Program Files\Java\jdk1.6.0_23\jre\bin\java.exe
0x00000000771d0000 - 0x000000007737b000 	C:\Windows\SYSTEM32\ntdll.dll
0x0000000076fb0000 - 0x00000000770cf000 	C:\Windows\system32\kernel32.dll
0x000007fefd490000 - 0x000007fefd4fb000 	C:\Windows\system32\KERNELBASE.dll
0x000007fefee80000 - 0x000007fefef5b000 	C:\Windows\system32\ADVAPI32.dll
0x000007fefd500000 - 0x000007fefd59f000 	C:\Windows\system32\msvcrt.dll
0x000007feff4c0000 - 0x000007feff4df000 	C:\Windows\SYSTEM32\sechost.dll
0x000007feff1e0000 - 0x000007feff30e000 	C:\Windows\system32\RPCRT4.dll
0x000007fefd000000 - 0x000007fefd057000 	C:\Windows\system32\apphelp.dll
0x000007feedca0000 - 0x000007feee107000 	C:\Windows\AppPatch\AppPatch64\AcXtrnal.DLL
0x000007fefed50000 - 0x000007fefee7a000 	C:\Windows\system32\WININET.dll
0x000007fefecc0000 - 0x000007fefed31000 	C:\Windows\system32\SHLWAPI.dll
0x000007fefe3b0000 - 0x000007fefe417000 	C:\Windows\system32\GDI32.dll
0x00000000770d0000 - 0x00000000771ca000 	C:\Windows\system32\USER32.dll
0x000007fefebe0000 - 0x000007fefebee000 	C:\Windows\system32\LPK.dll
0x000007fefebf0000 - 0x000007fefecba000 	C:\Windows\system32\USP10.dll
0x0000000077390000 - 0x0000000077393000 	C:\Windows\system32\Normaliz.dll
0x000007feff340000 - 0x000007feff4b8000 	C:\Windows\system32\urlmon.dll
0x000007fefe500000 - 0x000007fefe701000 	C:\Windows\system32\ole32.dll
0x000007fefe420000 - 0x000007fefe4f7000 	C:\Windows\system32\OLEAUT32.dll
0x000007fefd320000 - 0x000007fefd486000 	C:\Windows\system32\CRYPT32.dll
0x000007fefd1d0000 - 0x000007fefd1df000 	C:\Windows\system32\MSASN1.dll
0x000007fefe8e0000 - 0x000007fefeb38000 	C:\Windows\system32\iertutil.dll
0x000007feff310000 - 0x000007feff33e000 	C:\Windows\system32\IMM32.DLL
0x000007fefe730000 - 0x000007fefe839000 	C:\Windows\system32\MSCTF.dll
0x000007fefe710000 - 0x000007fefe727000 	C:\Windows\system32\imagehlp.dll
0x000000006d890000 - 0x000000006df80000 	C:\Program Files\Java\jdk1.6.0_23\jre\bin\server\jvm.dll
0x000007fefb010000 - 0x000007fefb04b000 	C:\Windows\system32\WINMM.dll
0x000000006d800000 - 0x000000006d80e000 	C:\Program Files\Java\jdk1.6.0_23\jre\bin\verify.dll
0x000000006d450000 - 0x000000006d477000 	C:\Program Files\Java\jdk1.6.0_23\jre\bin\java.dll
0x000000006d3b0000 - 0x000000006d3ba000 	C:\Program Files\Java\jdk1.6.0_23\jre\bin\hpi.dll
0x00000000773a0000 - 0x00000000773a7000 	C:\Windows\system32\PSAPI.DLL
0x000000006d850000 - 0x000000006d862000 	C:\Program Files\Java\jdk1.6.0_23\jre\bin\zip.dll
0x000000006d0a0000 - 0x000000006d263000 	C:\Program Files\Java\jdk1.6.0_23\jre\bin\awt.dll
0x000007fef8330000 - 0x000007fef83a0000 	C:\Windows\system32\WINSPOOL.DRV
0x000007fefd620000 - 0x000007fefe3a6000 	C:\Windows\system32\SHELL32.dll
0x000007fefbd60000 - 0x000007fefbf54000 	C:\Windows\WinSxS\amd64_microsoft.windows.common-controls_6595b64144ccf1df_6.0.7600.16385_none_fa645303170382f6\COMCTL32.dll
0x000007fefb5b0000 - 0x000007fefb5c8000 	C:\Windows\system32\DWMAPI.DLL
0x000007fefb9e0000 - 0x000007fefba36000 	C:\Windows\system32\uxtheme.dll
0x000007fefd060000 - 0x000007fefd06f000 	C:\Windows\system32\CRYPTBASE.dll
0x000000006d340000 - 0x000000006d3a6000 	C:\Program Files\Java\jdk1.6.0_23\jre\bin\fontmanager.dll
0x000007fef5480000 - 0x000007fef567f000 	C:\Windows\system32\d3d9.dll
0x000007fefc2a0000 - 0x000007fefc2ac000 	C:\Windows\system32\VERSION.dll
0x000007fefacc0000 - 0x000007fefacc7000 	C:\Windows\system32\d3d8thk.dll
0x0000000074db0000 - 0x0000000074e4f000 	C:\Windows\system32\aticfx64.dll
0x000007fef7d60000 - 0x000007fef7d6d000 	C:\Windows\system32\atiu9p64.dll
0x0000000067950000 - 0x0000000067e58000 	C:\Windows\system32\atiumd64.dll
0x0000000068040000 - 0x000000006836c000 	C:\Windows\system32\atiumd6a.dll
0x000000006d6a0000 - 0x000000006d6b7000 	C:\Program Files\Java\jdk1.6.0_23\jre\bin\net.dll
0x000007fefe890000 - 0x000007fefe8dd000 	C:\Windows\system32\WS2_32.dll
0x000007fefed40000 - 0x000007fefed48000 	C:\Windows\system32\NSI.dll
0x000007fefc960000 - 0x000007fefc9b4000 	C:\Windows\system32\mswsock.dll
0x000007fefc950000 - 0x000007fefc957000 	C:\Windows\System32\wship6.dll
0x000000006d6c0000 - 0x000000006d6cb000 	C:\Program Files\Java\jdk1.6.0_23\jre\bin\nio.dll

VM Arguments:
jvm_args: -Dfile.encoding=Cp1252 -Djava.library.path=C:\Users\yin\.netbeans\6.9\jogl-runtime\jogl.jar-natives-windows-amd64;C:\Users\yin\.netbeans\6.9\gluegen-runtime\gluegen-rt.jar-natives-windows-amd64 
java_command: sk.yin.yngine.main.SimpleGLCanvas
Launcher Type: SUN_STANDARD

Environment Variables:
JAVA_HOME=C:\Program Files\Java\jdk1.6.0_22
CLASSPATH=.;
PATH=C:\Program Files (x86)\CollabNet\Subversion Client;c:\Program Files (x86)\NVIDIA Corporation\PhysX\Common;C:\Windows\system32;C:\Windows;C:\Windows\System32\Wbem;C:\Windows\System32\WindowsPowerShell\v1.0\;C:\Program Files\TortoiseSVN\bin;C:\Program Files (x86)\QuickTime\QTSystem\;C:\Program Files (x86)\Groovy\Groovy-1.7.5\bin;C:\Program Files (x86)\ATI Technologies\ATI.ACE\Core-Static
USERNAME=yin
OS=Windows_NT
PROCESSOR_IDENTIFIER=AMD64 Family 17 Model 3 Stepping 1, AuthenticAMD



---------------  S Y S T E M  ---------------

OS: Windows 7 Build 7600 

CPU:total 2 (2 cores per cpu, 1 threads per core) family 17 model 3 stepping 1, cmov, cx8, fxsr, mmx, sse, sse2, sse3, mmxext, 3dnow, 3dnowext

Memory: 4k page, physical 1964384k(625720k free), swap 3317160k(1520648k free)

vm_info: Java HotSpot(TM) 64-Bit Server VM (19.0-b09) for windows-amd64 JRE (1.6.0_23-b05), built on Nov 13 2010 02:43:42 by "java_re" with MS VC++ 8.0 (VS2005)

time: Wed Dec 29 18:33:18 2010
elapsed time: 5 seconds

